<?xml version="1.0" encoding="UTF-8"?>
<!-- Generated by org.testng.reporters.JUnitReportReporter -->
<testsuite skipped="0" hostname="SHRADDHA-PC" name="Login.Logout" tests="1" failures="0" timestamp="05 Feb 2019 10:53:36 GMT" time="109.171" errors="0">
  <testcase name="applaunch" time="109.171" classname="Login.Logout"/>
</testsuite> <!-- Login.Logout -->
